[debug] [2025-08-11T18:06:25.738Z] ----------------------------------------------------------------------
[debug] [2025-08-11T18:06:25.743Z] Command:       C:\nvm4w\nodejs\node.exe C:\nvm4w\nodejs\node_modules\firebase-tools\lib\bin\firebase.js init
[debug] [2025-08-11T18:06:25.744Z] CLI Version:   14.12.0
[debug] [2025-08-11T18:06:25.744Z] Platform:      win32
[debug] [2025-08-11T18:06:25.744Z] Node Version:  v23.6.0
[debug] [2025-08-11T18:06:25.745Z] Time:          Mon Aug 11 2025 23:36:25 GMT+0530 (India Standard Time)
[debug] [2025-08-11T18:06:25.745Z] ----------------------------------------------------------------------
[debug] 
[debug] [2025-08-11T18:06:25.758Z] > command requires scopes: ["email","openid","https://www.googleapis.com/auth/cloudplatformprojects.readonly","https://www.googleapis.com/auth/firebase","https://www.googleapis.com/auth/cloud-platform"]
[debug] [2025-08-11T18:06:25.759Z] > authorizing via signed-in user (chandanydv0402@gmail.com)
[info] 
     ######## #### ########  ######## ########     ###     ######  ########
     ##        ##  ##     ## ##       ##     ##  ##   ##  ##       ##
     ######    ##  ########  ######   ########  #########  ######  ######
     ##        ##  ##    ##  ##       ##     ## ##     ##       ## ##
     ##       #### ##     ## ######## ########  ##     ##  ######  ########

You're about to initialize a Firebase project in this directory:

  C:\Users\chand\Documents\PAID WORK\Rayride\Rayride-backend-master

[debug] [2025-08-11T18:06:38.239Z] ExitPromptError: User force closed the prompt with SIGINT
    at Interface.sigint (C:\Users\chand\AppData\Local\nvm\v23.6.0\node_modules\firebase-tools\node_modules\@inquirer\core\dist\commonjs\lib\create-prompt.js:101:37)
    at Interface.emit (node:events:507:28)
    at Interface.emit (node:domain:489:12)
    at [_ttyWrite] [as _ttyWrite] (node:internal/readline/interface:1125:18)
    at ReadStream.onkeypress (node:internal/readline/interface:264:20)
    at ReadStream.emit (node:events:519:35)
    at ReadStream.emit (node:domain:489:12)
    at emitKeys (node:internal/readline/utils:370:14)
    at emitKeys.next (<anonymous>)
    at ReadStream.onData (node:internal/readline/emitKeypressEvents:64:36)
[error] 
[error] Error: An unexpected error has occurred.
